2024-08-22 15:29:06,327 - root - INFO - Test message
2024-08-22 15:29:19,257 - root - INFO - *********Browser Invoked*************
2024-08-22 15:29:19,259 - root - INFO - *********Username Entered*************
2024-08-22 15:29:19,880 - root - INFO - *********Password Entered*************
2024-08-22 15:29:24,987 - root - INFO - *********Submit button clicked*************
2024-08-22 16:47:13,741 - root - INFO - Test message
2024-08-22 16:47:26,903 - root - INFO - *********Browser Invoked*************
2024-08-22 16:47:26,904 - root - INFO - *********Username Entered*************
2024-08-22 16:47:27,648 - root - INFO - *********Password Entered*************
2024-08-22 16:47:32,731 - root - INFO - *********Submit button clicked*************
2024-08-22 16:48:14,619 - root - INFO - Test message
2024-08-22 16:48:32,249 - root - INFO - *********Browser Invoked*************
2024-08-22 16:48:32,249 - root - INFO - *********Username Entered*************
2024-08-22 16:48:32,935 - root - INFO - *********Password Entered*************
2024-08-22 16:48:38,035 - root - INFO - *********Submit button clicked*************
2024-08-22 16:51:10,127 - root - INFO - Test message
2024-08-22 16:51:29,383 - root - INFO - *********Browser Invoked*************
2024-08-22 16:51:29,383 - root - INFO - *********Username Entered*************
2024-08-22 16:51:30,082 - root - INFO - *********Password Entered*************
2024-08-22 16:51:35,238 - root - INFO - *********Submit button clicked*************
2024-08-22 16:52:28,724 - root - INFO - Test message
2024-08-22 16:52:53,487 - root - INFO - *********Browser Invoked*************
2024-08-22 16:52:53,489 - root - INFO - *********Username Entered*************
2024-08-22 16:52:54,367 - root - INFO - *********Password Entered*************
2024-08-22 16:52:59,526 - root - INFO - *********Submit button clicked*************
2024-08-22 18:51:17,601 - root - INFO - Test message
2024-08-22 18:51:37,568 - root - INFO - *********Browser Invoked*************
2024-08-22 18:51:37,568 - root - INFO - *********Username Entered*************
2024-08-22 18:51:39,047 - root - INFO - *********Password Entered*************
2024-08-22 18:51:44,246 - root - INFO - *********Submit button clicked*************
2024-08-22 18:56:20,059 - root - INFO - Test message
2024-08-22 18:56:20,145 - root - INFO - Test message
2024-08-22 18:56:20,286 - root - INFO - Test message
2024-08-22 18:56:39,129 - root - INFO - *********Browser Invoked*************
2024-08-22 18:56:39,130 - root - INFO - *********Username Entered*************
2024-08-22 18:56:39,814 - root - INFO - *********Password Entered*************
2024-08-22 18:56:44,921 - root - INFO - *********Submit button clicked*************
2024-08-22 19:01:00,323 - root - INFO - Test message
2024-08-22 19:01:00,386 - root - INFO - Test message
2024-08-22 19:01:00,475 - root - INFO - Test message
2024-08-22 19:01:19,527 - root - INFO - *********Browser Invoked*************
2024-08-22 19:01:19,528 - root - INFO - *********Username Entered*************
2024-08-22 19:01:20,176 - root - INFO - *********Password Entered*************
2024-08-22 19:01:25,334 - root - INFO - *********Submit button clicked*************
